The target system is: Linux -  - 
The host system is: Linux - 3.2.0-89-generic - x86_64
Compiling the C compiler identification source file "CMakeCCompilerId.c" succeeded.
Compiler: /opt/android-toolchain/arm-linux-androideabi/bin/gcc 
Build flags: --sysroot=/opt/android-toolchain/sysroot
Id flags: 

The output was:
0


Compilation of the C compiler identification source "CMakeCCompilerId.c" produced "a.out"

The C compiler identification is GNU, found in "/var/www/html/android/ATSC_ROUTE/Work/Route_Receiver/libwebsockets-master/build/CMakeFiles/3.3.0-rc4/CompilerIdC/a.out"

Determining if the C compiler works passed with the following output:
Change Dir: /var/www/html/android/ATSC_ROUTE/Work/Route_Receiver/libwebsockets-master/build/CMakeFiles/CMakeTmp

Run Build Command:"/usr/bin/make" "cmTC_2647b/fast"
/usr/bin/make -f CMakeFiles/cmTC_2647b.dir/build.make CMakeFiles/cmTC_2647b.dir/build
make[1]: Entering directory `/var/www/html/android/ATSC_ROUTE/Work/Route_Receiver/libwebsockets-master/build/CMakeFiles/CMakeTmp'
Building C object CMakeFiles/cmTC_2647b.dir/testCCompiler.c.o
/opt/android-toolchain/arm-linux-androideabi/bin/gcc   --sysroot=/opt/android-toolchain/sysroot    -o CMakeFiles/cmTC_2647b.dir/testCCompiler.c.o   -c /var/www/html/android/ATSC_ROUTE/Work/Route_Receiver/libwebsockets-master/build/CMakeFiles/CMakeTmp/testCCompiler.c
Linking C executable cmTC_2647b
/usr/bin/cmake -E cmake_link_script CMakeFiles/cmTC_2647b.dir/link.txt --verbose=1
/opt/android-toolchain/arm-linux-androideabi/bin/gcc  --sysroot=/opt/android-toolchain/sysroot     CMakeFiles/cmTC_2647b.dir/testCCompiler.c.o  -o cmTC_2647b -rdynamic 
make[1]: Leaving directory `/var/www/html/android/ATSC_ROUTE/Work/Route_Receiver/libwebsockets-master/build/CMakeFiles/CMakeTmp'


Detecting C compiler ABI info compiled with the following output:
Change Dir: /var/www/html/android/ATSC_ROUTE/Work/Route_Receiver/libwebsockets-master/build/CMakeFiles/CMakeTmp

Run Build Command:"/usr/bin/make" "cmTC_2474b/fast"
/usr/bin/make -f CMakeFiles/cmTC_2474b.dir/build.make CMakeFiles/cmTC_2474b.dir/build
make[1]: Entering directory `/var/www/html/android/ATSC_ROUTE/Work/Route_Receiver/libwebsockets-master/build/CMakeFiles/CMakeTmp'
Building C object CMakeFiles/cmTC_2474b.dir/CMakeCCompilerABI.c.o
/opt/android-toolchain/arm-linux-androideabi/bin/gcc   --sysroot=/opt/android-toolchain/sysroot    -o CMakeFiles/cmTC_2474b.dir/CMakeCCompilerABI.c.o   -c /usr/share/cmake-3.3/Modules/CMakeCCompilerABI.c
Linking C executable cmTC_2474b
/usr/bin/cmake -E cmake_link_script CMakeFiles/cmTC_2474b.dir/link.txt --verbose=1
/opt/android-toolchain/arm-linux-androideabi/bin/gcc  --sysroot=/opt/android-toolchain/sysroot    -v CMakeFiles/cmTC_2474b.dir/CMakeCCompilerABI.c.o  -o cmTC_2474b -rdynamic  
Using built-in specs.
COLLECT_GCC=/opt/android-toolchain/arm-linux-androideabi/bin/gcc
COLLECT_LTO_WRAPPER=/opt/android-toolchain/bin/../libexec/gcc/arm-linux-androideabi/4.8/lto-wrapper
Target: arm-linux-androideabi
Configured with: /s/ndk-toolchain/src/build/../gcc/gcc-4.8/configure --prefix=/tmp/ndk-andrewhsieh/build/toolchain/prefix --target=arm-linux-androideabi --host=x86_64-linux-gnu --build=x86_64-linux-gnu --with-gnu-as --with-gnu-ld --enable-languages=c,c++ --with-gmp=/tmp/ndk-andrewhsieh/build/toolchain/temp-install --with-mpfr=/tmp/ndk-andrewhsieh/build/toolchain/temp-install --with-mpc=/tmp/ndk-andrewhsieh/build/toolchain/temp-install --with-cloog=/tmp/ndk-andrewhsieh/build/toolchain/temp-install --with-isl=/tmp/ndk-andrewhsieh/build/toolchain/temp-install --with-ppl=/tmp/ndk-andrewhsieh/build/toolchain/temp-install --disable-ppl-version-check --disable-cloog-version-check --disable-isl-version-check --enable-cloog-backend=isl --with-host-libstdcxx='-static-libgcc -Wl,-Bstatic,-lstdc++,-Bdynamic -lm' --disable-libssp --enable-threads --disable-nls --disable-libmudflap --disable-libgomp --disable-libstdc__-v3 --disable-sjlj-exceptions --disable-shared --disable-tls --disable-libitm --with-float=soft --with-fpu=vfp --with-arch=armv5te --enable-target-optspace --enable-initfini-array --disable-nls --prefix=/tmp/ndk-andrewhsieh/build/toolchain/prefix --with-sysroot=/tmp/ndk-andrewhsieh/build/toolchain/prefix/sysroot --with-binutils-version=2.25 --with-mpfr-version=3.1.1 --with-mpc-version=1.0.1 --with-gmp-version=5.0.5 --with-gcc-version=4.8 --with-gdb-version=7.7 --with-python=/usr/local/google/home/andrewhsieh/mydroid/ndk/prebuilt/linux-x86_64/bin/python-config.sh --with-gxx-include-dir=/tmp/ndk-andrewhsieh/build/toolchain/prefix/include/c++/4.8 --with-bugurl=http://source.android.com/source/report-bugs.html --enable-languages=c,c++ --disable-bootstrap --enable-plugins --enable-libgomp --enable-gnu-indirect-function --disable-libsanitizer --enable-gold --enable-threads --enable-graphite=yes --with-cloog-version=0.18.0 --with-isl-version=0.11.1 --enable-eh-frame-hdr-for-static --with-arch=armv5te --program-transform-name='s&^&arm-linux-androideabi-&' --enable-gold=default
Thread model: posix
gcc version 4.8 (GCC) 
COMPILER_PATH=/opt/android-toolchain/bin/../libexec/gcc/arm-linux-androideabi/4.8/:/opt/android-toolchain/bin/../libexec/gcc/:/opt/android-toolchain/bin/../lib/gcc/arm-linux-androideabi/4.8/../../../../arm-linux-androideabi/bin/
LIBRARY_PATH=/opt/android-toolchain/bin/../lib/gcc/arm-linux-androideabi/4.8/:/opt/android-toolchain/bin/../lib/gcc/:/opt/android-toolchain/bin/../lib/gcc/arm-linux-androideabi/4.8/../../../../arm-linux-androideabi/lib/:/opt/android-toolchain/sysroot/usr/lib/
COLLECT_GCC_OPTIONS='-v' '-o' 'cmTC_2474b' '-rdynamic' '-march=armv5te' '-mfloat-abi=soft' '-mfpu=vfp' '-mtls-dialect=gnu'
 /opt/android-toolchain/bin/../libexec/gcc/arm-linux-androideabi/4.8/collect2 --sysroot=/opt/android-toolchain/sysroot --eh-frame-hdr -export-dynamic -dynamic-linker /system/bin/linker -X -m armelf_linux_eabi -z noexecstack -z relro -z now -o cmTC_2474b /opt/android-toolchain/sysroot/usr/lib/crtbegin_dynamic.o -L/opt/android-toolchain/bin/../lib/gcc/arm-linux-androideabi/4.8 -L/opt/android-toolchain/bin/../lib/gcc -L/opt/android-toolchain/bin/../lib/gcc/arm-linux-androideabi/4.8/../../../../arm-linux-androideabi/lib -L/opt/android-toolchain/sysroot/usr/lib CMakeFiles/cmTC_2474b.dir/CMakeCCompilerABI.c.o -lgcc -lc -ldl -lgcc /opt/android-toolchain/sysroot/usr/lib/crtend_android.o
make[1]: Leaving directory `/var/www/html/android/ATSC_ROUTE/Work/Route_Receiver/libwebsockets-master/build/CMakeFiles/CMakeTmp'


Parsed C implicit link information from above output:
  link line regex: [^( *|.*[/\])(ld|([^/\]+-)?ld|collect2)[^/\]*( |$)]
  ignore line: [Change Dir: /var/www/html/android/ATSC_ROUTE/Work/Route_Receiver/libwebsockets-master/build/CMakeFiles/CMakeTmp]
  ignore line: []
  ignore line: [Run Build Command:"/usr/bin/make" "cmTC_2474b/fast"]
  ignore line: [/usr/bin/make -f CMakeFiles/cmTC_2474b.dir/build.make CMakeFiles/cmTC_2474b.dir/build]
  ignore line: [make[1]: Entering directory `/var/www/html/android/ATSC_ROUTE/Work/Route_Receiver/libwebsockets-master/build/CMakeFiles/CMakeTmp']
  ignore line: [Building C object CMakeFiles/cmTC_2474b.dir/CMakeCCompilerABI.c.o]
  ignore line: [/opt/android-toolchain/arm-linux-androideabi/bin/gcc   --sysroot=/opt/android-toolchain/sysroot    -o CMakeFiles/cmTC_2474b.dir/CMakeCCompilerABI.c.o   -c /usr/share/cmake-3.3/Modules/CMakeCCompilerABI.c]
  ignore line: [Linking C executable cmTC_2474b]
  ignore line: [/usr/bin/cmake -E cmake_link_script CMakeFiles/cmTC_2474b.dir/link.txt --verbose=1]
  ignore line: [/opt/android-toolchain/arm-linux-androideabi/bin/gcc  --sysroot=/opt/android-toolchain/sysroot    -v CMakeFiles/cmTC_2474b.dir/CMakeCCompilerABI.c.o  -o cmTC_2474b -rdynamic  ]
  ignore line: [Using built-in specs.]
  ignore line: [COLLECT_GCC=/opt/android-toolchain/arm-linux-androideabi/bin/gcc]
  ignore line: [COLLECT_LTO_WRAPPER=/opt/android-toolchain/bin/../libexec/gcc/arm-linux-androideabi/4.8/lto-wrapper]
  ignore line: [Target: arm-linux-androideabi]
  ignore line: [Configured with: /s/ndk-toolchain/src/build/../gcc/gcc-4.8/configure --prefix=/tmp/ndk-andrewhsieh/build/toolchain/prefix --target=arm-linux-androideabi --host=x86_64-linux-gnu --build=x86_64-linux-gnu --with-gnu-as --with-gnu-ld --enable-languages=c,c++ --with-gmp=/tmp/ndk-andrewhsieh/build/toolchain/temp-install --with-mpfr=/tmp/ndk-andrewhsieh/build/toolchain/temp-install --with-mpc=/tmp/ndk-andrewhsieh/build/toolchain/temp-install --with-cloog=/tmp/ndk-andrewhsieh/build/toolchain/temp-install --with-isl=/tmp/ndk-andrewhsieh/build/toolchain/temp-install --with-ppl=/tmp/ndk-andrewhsieh/build/toolchain/temp-install --disable-ppl-version-check --disable-cloog-version-check --disable-isl-version-check --enable-cloog-backend=isl --with-host-libstdcxx='-static-libgcc -Wl,-Bstatic,-lstdc++,-Bdynamic -lm' --disable-libssp --enable-threads --disable-nls --disable-libmudflap --disable-libgomp --disable-libstdc__-v3 --disable-sjlj-exceptions --disable-shared --disable-tls --disable-libitm --with-float=soft --with-fpu=vfp --with-arch=armv5te --enable-target-optspace --enable-initfini-array --disable-nls --prefix=/tmp/ndk-andrewhsieh/build/toolchain/prefix --with-sysroot=/tmp/ndk-andrewhsieh/build/toolchain/prefix/sysroot --with-binutils-version=2.25 --with-mpfr-version=3.1.1 --with-mpc-version=1.0.1 --with-gmp-version=5.0.5 --with-gcc-version=4.8 --with-gdb-version=7.7 --with-python=/usr/local/google/home/andrewhsieh/mydroid/ndk/prebuilt/linux-x86_64/bin/python-config.sh --with-gxx-include-dir=/tmp/ndk-andrewhsieh/build/toolchain/prefix/include/c++/4.8 --with-bugurl=http://source.android.com/source/report-bugs.html --enable-languages=c,c++ --disable-bootstrap --enable-plugins --enable-libgomp --enable-gnu-indirect-function --disable-libsanitizer --enable-gold --enable-threads --enable-graphite=yes --with-cloog-version=0.18.0 --with-isl-version=0.11.1 --enable-eh-frame-hdr-for-static --with-arch=armv5te --program-transform-name='s&^&arm-linux-androideabi-&' --enable-gold=default]
  ignore line: [Thread model: posix]
  ignore line: [gcc version 4.8 (GCC) ]
  ignore line: [COMPILER_PATH=/opt/android-toolchain/bin/../libexec/gcc/arm-linux-androideabi/4.8/:/opt/android-toolchain/bin/../libexec/gcc/:/opt/android-toolchain/bin/../lib/gcc/arm-linux-androideabi/4.8/../../../../arm-linux-androideabi/bin/]
  ignore line: [LIBRARY_PATH=/opt/android-toolchain/bin/../lib/gcc/arm-linux-androideabi/4.8/:/opt/android-toolchain/bin/../lib/gcc/:/opt/android-toolchain/bin/../lib/gcc/arm-linux-androideabi/4.8/../../../../arm-linux-androideabi/lib/:/opt/android-toolchain/sysroot/usr/lib/]
  ignore line: [COLLECT_GCC_OPTIONS='-v' '-o' 'cmTC_2474b' '-rdynamic' '-march=armv5te' '-mfloat-abi=soft' '-mfpu=vfp' '-mtls-dialect=gnu']
  link line: [ /opt/android-toolchain/bin/../libexec/gcc/arm-linux-androideabi/4.8/collect2 --sysroot=/opt/android-toolchain/sysroot --eh-frame-hdr -export-dynamic -dynamic-linker /system/bin/linker -X -m armelf_linux_eabi -z noexecstack -z relro -z now -o cmTC_2474b /opt/android-toolchain/sysroot/usr/lib/crtbegin_dynamic.o -L/opt/android-toolchain/bin/../lib/gcc/arm-linux-androideabi/4.8 -L/opt/android-toolchain/bin/../lib/gcc -L/opt/android-toolchain/bin/../lib/gcc/arm-linux-androideabi/4.8/../../../../arm-linux-androideabi/lib -L/opt/android-toolchain/sysroot/usr/lib CMakeFiles/cmTC_2474b.dir/CMakeCCompilerABI.c.o -lgcc -lc -ldl -lgcc /opt/android-toolchain/sysroot/usr/lib/crtend_android.o]
    arg [/opt/android-toolchain/bin/../libexec/gcc/arm-linux-androideabi/4.8/collect2] ==> ignore
    arg [--sysroot=/opt/android-toolchain/sysroot] ==> ignore
    arg [--eh-frame-hdr] ==> ignore
    arg [-export-dynamic] ==> ignore
    arg [-dynamic-linker] ==> ignore
    arg [/system/bin/linker] ==> ignore
    arg [-X] ==> ignore
    arg [-m] ==> ignore
    arg [armelf_linux_eabi] ==> ignore
    arg [-znoexecstack] ==> ignore
    arg [-zrelro] ==> ignore
    arg [-znow] ==> ignore
    arg [-o] ==> ignore
    arg [cmTC_2474b] ==> ignore
    arg [/opt/android-toolchain/sysroot/usr/lib/crtbegin_dynamic.o] ==> ignore
    arg [-L/opt/android-toolchain/bin/../lib/gcc/arm-linux-androideabi/4.8] ==> dir [/opt/android-toolchain/bin/../lib/gcc/arm-linux-androideabi/4.8]
    arg [-L/opt/android-toolchain/bin/../lib/gcc] ==> dir [/opt/android-toolchain/bin/../lib/gcc]
    arg [-L/opt/android-toolchain/bin/../lib/gcc/arm-linux-androideabi/4.8/../../../../arm-linux-androideabi/lib] ==> dir [/opt/android-toolchain/bin/../lib/gcc/arm-linux-androideabi/4.8/../../../../arm-linux-androideabi/lib]
    arg [-L/opt/android-toolchain/sysroot/usr/lib] ==> dir [/opt/android-toolchain/sysroot/usr/lib]
    arg [CMakeFiles/cmTC_2474b.dir/CMakeCCompilerABI.c.o] ==> ignore
    arg [-lgcc] ==> lib [gcc]
    arg [-lc] ==> lib [c]
    arg [-ldl] ==> lib [dl]
    arg [-lgcc] ==> lib [gcc]
    arg [/opt/android-toolchain/sysroot/usr/lib/crtend_android.o] ==> ignore
  remove lib [gcc]
  remove lib [gcc]
  collapse library dir [/opt/android-toolchain/bin/../lib/gcc/arm-linux-androideabi/4.8] ==> [/opt/android-toolchain/lib/gcc/arm-linux-androideabi/4.8]
  collapse library dir [/opt/android-toolchain/bin/../lib/gcc] ==> [/opt/android-toolchain/lib/gcc]
  collapse library dir [/opt/android-toolchain/bin/../lib/gcc/arm-linux-androideabi/4.8/../../../../arm-linux-androideabi/lib] ==> [/opt/android-toolchain/arm-linux-androideabi/lib]
  collapse library dir [/opt/android-toolchain/sysroot/usr/lib] ==> [/opt/android-toolchain/sysroot/usr/lib]
  implicit libs: [c;dl]
  implicit dirs: [/opt/android-toolchain/lib/gcc/arm-linux-androideabi/4.8;/opt/android-toolchain/lib/gcc;/opt/android-toolchain/arm-linux-androideabi/lib;/opt/android-toolchain/sysroot/usr/lib]
  implicit fwks: []




Detecting C [-std=c11] compiler features compiled with the following output:
Change Dir: /var/www/html/android/ATSC_ROUTE/Work/Route_Receiver/libwebsockets-master/build/CMakeFiles/CMakeTmp

Run Build Command:"/usr/bin/make" "cmTC_51f48/fast"
/usr/bin/make -f CMakeFiles/cmTC_51f48.dir/build.make CMakeFiles/cmTC_51f48.dir/build
make[1]: Entering directory `/var/www/html/android/ATSC_ROUTE/Work/Route_Receiver/libwebsockets-master/build/CMakeFiles/CMakeTmp'
Building C object CMakeFiles/cmTC_51f48.dir/feature_tests.c.o
/opt/android-toolchain/arm-linux-androideabi/bin/gcc   --sysroot=/opt/android-toolchain/sysroot    -std=c11 -o CMakeFiles/cmTC_51f48.dir/feature_tests.c.o   -c /var/www/html/android/ATSC_ROUTE/Work/Route_Receiver/libwebsockets-master/build/CMakeFiles/feature_tests.c
Linking C executable cmTC_51f48
/usr/bin/cmake -E cmake_link_script CMakeFiles/cmTC_51f48.dir/link.txt --verbose=1
/opt/android-toolchain/arm-linux-androideabi/bin/gcc  --sysroot=/opt/android-toolchain/sysroot     CMakeFiles/cmTC_51f48.dir/feature_tests.c.o  -o cmTC_51f48 -rdynamic 
make[1]: Leaving directory `/var/www/html/android/ATSC_ROUTE/Work/Route_Receiver/libwebsockets-master/build/CMakeFiles/CMakeTmp'


    Feature record: C_FEATURE:1c_function_prototypes
    Feature record: C_FEATURE:1c_restrict
    Feature record: C_FEATURE:1c_static_assert
    Feature record: C_FEATURE:1c_variadic_macros


Detecting C [-std=c99] compiler features compiled with the following output:
Change Dir: /var/www/html/android/ATSC_ROUTE/Work/Route_Receiver/libwebsockets-master/build/CMakeFiles/CMakeTmp

Run Build Command:"/usr/bin/make" "cmTC_0f95e/fast"
/usr/bin/make -f CMakeFiles/cmTC_0f95e.dir/build.make CMakeFiles/cmTC_0f95e.dir/build
make[1]: Entering directory `/var/www/html/android/ATSC_ROUTE/Work/Route_Receiver/libwebsockets-master/build/CMakeFiles/CMakeTmp'
Building C object CMakeFiles/cmTC_0f95e.dir/feature_tests.c.o
/opt/android-toolchain/arm-linux-androideabi/bin/gcc   --sysroot=/opt/android-toolchain/sysroot    -std=c99 -o CMakeFiles/cmTC_0f95e.dir/feature_tests.c.o   -c /var/www/html/android/ATSC_ROUTE/Work/Route_Receiver/libwebsockets-master/build/CMakeFiles/feature_tests.c
Linking C executable cmTC_0f95e
/usr/bin/cmake -E cmake_link_script CMakeFiles/cmTC_0f95e.dir/link.txt --verbose=1
/opt/android-toolchain/arm-linux-androideabi/bin/gcc  --sysroot=/opt/android-toolchain/sysroot     CMakeFiles/cmTC_0f95e.dir/feature_tests.c.o  -o cmTC_0f95e -rdynamic 
make[1]: Leaving directory `/var/www/html/android/ATSC_ROUTE/Work/Route_Receiver/libwebsockets-master/build/CMakeFiles/CMakeTmp'


    Feature record: C_FEATURE:1c_function_prototypes
    Feature record: C_FEATURE:1c_restrict
    Feature record: C_FEATURE:0c_static_assert
    Feature record: C_FEATURE:1c_variadic_macros


Detecting C [-std=c90] compiler features compiled with the following output:
Change Dir: /var/www/html/android/ATSC_ROUTE/Work/Route_Receiver/libwebsockets-master/build/CMakeFiles/CMakeTmp

Run Build Command:"/usr/bin/make" "cmTC_9ad44/fast"
/usr/bin/make -f CMakeFiles/cmTC_9ad44.dir/build.make CMakeFiles/cmTC_9ad44.dir/build
make[1]: Entering directory `/var/www/html/android/ATSC_ROUTE/Work/Route_Receiver/libwebsockets-master/build/CMakeFiles/CMakeTmp'
Building C object CMakeFiles/cmTC_9ad44.dir/feature_tests.c.o
/opt/android-toolchain/arm-linux-androideabi/bin/gcc   --sysroot=/opt/android-toolchain/sysroot    -std=c90 -o CMakeFiles/cmTC_9ad44.dir/feature_tests.c.o   -c /var/www/html/android/ATSC_ROUTE/Work/Route_Receiver/libwebsockets-master/build/CMakeFiles/feature_tests.c
Linking C executable cmTC_9ad44
/usr/bin/cmake -E cmake_link_script CMakeFiles/cmTC_9ad44.dir/link.txt --verbose=1
/opt/android-toolchain/arm-linux-androideabi/bin/gcc  --sysroot=/opt/android-toolchain/sysroot     CMakeFiles/cmTC_9ad44.dir/feature_tests.c.o  -o cmTC_9ad44 -rdynamic 
make[1]: Leaving directory `/var/www/html/android/ATSC_ROUTE/Work/Route_Receiver/libwebsockets-master/build/CMakeFiles/CMakeTmp'


    Feature record: C_FEATURE:1c_function_prototypes
    Feature record: C_FEATURE:0c_restrict
    Feature record: C_FEATURE:0c_static_assert
    Feature record: C_FEATURE:0c_variadic_macros
Performing C SOURCE FILE Test HAVE_inline succeded with the following output:
Change Dir: /var/www/html/android/ATSC_ROUTE/Work/Route_Receiver/libwebsockets-master/build/CMakeFiles/CMakeTmp

Run Build Command:"/usr/bin/make" "cmTC_43210/fast"
/usr/bin/make -f CMakeFiles/cmTC_43210.dir/build.make CMakeFiles/cmTC_43210.dir/build
make[1]: Entering directory `/var/www/html/android/ATSC_ROUTE/Work/Route_Receiver/libwebsockets-master/build/CMakeFiles/CMakeTmp'
Building C object CMakeFiles/cmTC_43210.dir/src.c.o
/opt/android-toolchain/arm-linux-androideabi/bin/gcc  -DKEYWORD=inline --sysroot=/opt/android-toolchain/sysroot -DHAVE_inline   -o CMakeFiles/cmTC_43210.dir/src.c.o   -c /var/www/html/android/ATSC_ROUTE/Work/Route_Receiver/libwebsockets-master/build/CMakeFiles/CMakeTmp/src.c
Linking C executable cmTC_43210
/usr/bin/cmake -E cmake_link_script CMakeFiles/cmTC_43210.dir/link.txt --verbose=1
/opt/android-toolchain/arm-linux-androideabi/bin/gcc  --sysroot=/opt/android-toolchain/sysroot -DHAVE_inline    CMakeFiles/cmTC_43210.dir/src.c.o  -o cmTC_43210 -rdynamic 
make[1]: Leaving directory `/var/www/html/android/ATSC_ROUTE/Work/Route_Receiver/libwebsockets-master/build/CMakeFiles/CMakeTmp'

Source file was:

		#include <stdio.h>
		static KEYWORD void a() {}
		int main(int argc, char **argv) { a(); return 0; }
		
Performing C SOURCE FILE Test HAVE___inline__ succeded with the following output:
Change Dir: /var/www/html/android/ATSC_ROUTE/Work/Route_Receiver/libwebsockets-master/build/CMakeFiles/CMakeTmp

Run Build Command:"/usr/bin/make" "cmTC_df27c/fast"
/usr/bin/make -f CMakeFiles/cmTC_df27c.dir/build.make CMakeFiles/cmTC_df27c.dir/build
make[1]: Entering directory `/var/www/html/android/ATSC_ROUTE/Work/Route_Receiver/libwebsockets-master/build/CMakeFiles/CMakeTmp'
Building C object CMakeFiles/cmTC_df27c.dir/src.c.o
/opt/android-toolchain/arm-linux-androideabi/bin/gcc  -DKEYWORD=__inline__ --sysroot=/opt/android-toolchain/sysroot -DHAVE___inline__   -o CMakeFiles/cmTC_df27c.dir/src.c.o   -c /var/www/html/android/ATSC_ROUTE/Work/Route_Receiver/libwebsockets-master/build/CMakeFiles/CMakeTmp/src.c
Linking C executable cmTC_df27c
/usr/bin/cmake -E cmake_link_script CMakeFiles/cmTC_df27c.dir/link.txt --verbose=1
/opt/android-toolchain/arm-linux-androideabi/bin/gcc  --sysroot=/opt/android-toolchain/sysroot -DHAVE___inline__    CMakeFiles/cmTC_df27c.dir/src.c.o  -o cmTC_df27c -rdynamic 
make[1]: Leaving directory `/var/www/html/android/ATSC_ROUTE/Work/Route_Receiver/libwebsockets-master/build/CMakeFiles/CMakeTmp'

Source file was:

		#include <stdio.h>
		static KEYWORD void a() {}
		int main(int argc, char **argv) { a(); return 0; }
		
Performing C SOURCE FILE Test HAVE___inline succeded with the following output:
Change Dir: /var/www/html/android/ATSC_ROUTE/Work/Route_Receiver/libwebsockets-master/build/CMakeFiles/CMakeTmp

Run Build Command:"/usr/bin/make" "cmTC_85052/fast"
/usr/bin/make -f CMakeFiles/cmTC_85052.dir/build.make CMakeFiles/cmTC_85052.dir/build
make[1]: Entering directory `/var/www/html/android/ATSC_ROUTE/Work/Route_Receiver/libwebsockets-master/build/CMakeFiles/CMakeTmp'
Building C object CMakeFiles/cmTC_85052.dir/src.c.o
/opt/android-toolchain/arm-linux-androideabi/bin/gcc  -DKEYWORD=__inline --sysroot=/opt/android-toolchain/sysroot -DHAVE___inline   -o CMakeFiles/cmTC_85052.dir/src.c.o   -c /var/www/html/android/ATSC_ROUTE/Work/Route_Receiver/libwebsockets-master/build/CMakeFiles/CMakeTmp/src.c
Linking C executable cmTC_85052
/usr/bin/cmake -E cmake_link_script CMakeFiles/cmTC_85052.dir/link.txt --verbose=1
/opt/android-toolchain/arm-linux-androideabi/bin/gcc  --sysroot=/opt/android-toolchain/sysroot -DHAVE___inline    CMakeFiles/cmTC_85052.dir/src.c.o  -o cmTC_85052 -rdynamic 
make[1]: Leaving directory `/var/www/html/android/ATSC_ROUTE/Work/Route_Receiver/libwebsockets-master/build/CMakeFiles/CMakeTmp'

Source file was:

		#include <stdio.h>
		static KEYWORD void a() {}
		int main(int argc, char **argv) { a(); return 0; }
		
Determining if the function bzero exists passed with the following output:
Change Dir: /var/www/html/android/ATSC_ROUTE/Work/Route_Receiver/libwebsockets-master/build/CMakeFiles/CMakeTmp

Run Build Command:"/usr/bin/make" "cmTC_5a5f4/fast"
/usr/bin/make -f CMakeFiles/cmTC_5a5f4.dir/build.make CMakeFiles/cmTC_5a5f4.dir/build
make[1]: Entering directory `/var/www/html/android/ATSC_ROUTE/Work/Route_Receiver/libwebsockets-master/build/CMakeFiles/CMakeTmp'
Building C object CMakeFiles/cmTC_5a5f4.dir/CheckFunctionExists.c.o
/opt/android-toolchain/arm-linux-androideabi/bin/gcc  -DKEYWORD=__inline --sysroot=/opt/android-toolchain/sysroot -DCHECK_FUNCTION_EXISTS=bzero   -o CMakeFiles/cmTC_5a5f4.dir/CheckFunctionExists.c.o   -c /usr/share/cmake-3.3/Modules/CheckFunctionExists.c
<command-line>:0:23: warning: conflicting types for built-in function 'bzero' [enabled by default]
/usr/share/cmake-3.3/Modules/CheckFunctionExists.c:3:6: note: in expansion of macro 'CHECK_FUNCTION_EXISTS'
 char CHECK_FUNCTION_EXISTS();
      ^
Linking C executable cmTC_5a5f4
/usr/bin/cmake -E cmake_link_script CMakeFiles/cmTC_5a5f4.dir/link.txt --verbose=1
/opt/android-toolchain/arm-linux-androideabi/bin/gcc  --sysroot=/opt/android-toolchain/sysroot -DCHECK_FUNCTION_EXISTS=bzero    CMakeFiles/cmTC_5a5f4.dir/CheckFunctionExists.c.o  -o cmTC_5a5f4 -rdynamic 
make[1]: Leaving directory `/var/www/html/android/ATSC_ROUTE/Work/Route_Receiver/libwebsockets-master/build/CMakeFiles/CMakeTmp'


Determining if the function fork exists passed with the following output:
Change Dir: /var/www/html/android/ATSC_ROUTE/Work/Route_Receiver/libwebsockets-master/build/CMakeFiles/CMakeTmp

Run Build Command:"/usr/bin/make" "cmTC_1df15/fast"
/usr/bin/make -f CMakeFiles/cmTC_1df15.dir/build.make CMakeFiles/cmTC_1df15.dir/build
make[1]: Entering directory `/var/www/html/android/ATSC_ROUTE/Work/Route_Receiver/libwebsockets-master/build/CMakeFiles/CMakeTmp'
Building C object CMakeFiles/cmTC_1df15.dir/CheckFunctionExists.c.o
/opt/android-toolchain/arm-linux-androideabi/bin/gcc  -DKEYWORD=__inline --sysroot=/opt/android-toolchain/sysroot -DCHECK_FUNCTION_EXISTS=fork   -o CMakeFiles/cmTC_1df15.dir/CheckFunctionExists.c.o   -c /usr/share/cmake-3.3/Modules/CheckFunctionExists.c
<command-line>:0:23: warning: conflicting types for built-in function 'fork' [enabled by default]
/usr/share/cmake-3.3/Modules/CheckFunctionExists.c:3:6: note: in expansion of macro 'CHECK_FUNCTION_EXISTS'
 char CHECK_FUNCTION_EXISTS();
      ^
Linking C executable cmTC_1df15
/usr/bin/cmake -E cmake_link_script CMakeFiles/cmTC_1df15.dir/link.txt --verbose=1
/opt/android-toolchain/arm-linux-androideabi/bin/gcc  --sysroot=/opt/android-toolchain/sysroot -DCHECK_FUNCTION_EXISTS=fork    CMakeFiles/cmTC_1df15.dir/CheckFunctionExists.c.o  -o cmTC_1df15 -rdynamic 
make[1]: Leaving directory `/var/www/html/android/ATSC_ROUTE/Work/Route_Receiver/libwebsockets-master/build/CMakeFiles/CMakeTmp'


Determining if the function getenv exists passed with the following output:
Change Dir: /var/www/html/android/ATSC_ROUTE/Work/Route_Receiver/libwebsockets-master/build/CMakeFiles/CMakeTmp

Run Build Command:"/usr/bin/make" "cmTC_29927/fast"
/usr/bin/make -f CMakeFiles/cmTC_29927.dir/build.make CMakeFiles/cmTC_29927.dir/build
make[1]: Entering directory `/var/www/html/android/ATSC_ROUTE/Work/Route_Receiver/libwebsockets-master/build/CMakeFiles/CMakeTmp'
Building C object CMakeFiles/cmTC_29927.dir/CheckFunctionExists.c.o
/opt/android-toolchain/arm-linux-androideabi/bin/gcc  -DKEYWORD=__inline --sysroot=/opt/android-toolchain/sysroot -DCHECK_FUNCTION_EXISTS=getenv   -o CMakeFiles/cmTC_29927.dir/CheckFunctionExists.c.o   -c /usr/share/cmake-3.3/Modules/CheckFunctionExists.c
Linking C executable cmTC_29927
/usr/bin/cmake -E cmake_link_script CMakeFiles/cmTC_29927.dir/link.txt --verbose=1
/opt/android-toolchain/arm-linux-androideabi/bin/gcc  --sysroot=/opt/android-toolchain/sysroot -DCHECK_FUNCTION_EXISTS=getenv    CMakeFiles/cmTC_29927.dir/CheckFunctionExists.c.o  -o cmTC_29927 -rdynamic 
make[1]: Leaving directory `/var/www/html/android/ATSC_ROUTE/Work/Route_Receiver/libwebsockets-master/build/CMakeFiles/CMakeTmp'


Determining if the function malloc exists passed with the following output:
Change Dir: /var/www/html/android/ATSC_ROUTE/Work/Route_Receiver/libwebsockets-master/build/CMakeFiles/CMakeTmp

Run Build Command:"/usr/bin/make" "cmTC_a711f/fast"
/usr/bin/make -f CMakeFiles/cmTC_a711f.dir/build.make CMakeFiles/cmTC_a711f.dir/build
make[1]: Entering directory `/var/www/html/android/ATSC_ROUTE/Work/Route_Receiver/libwebsockets-master/build/CMakeFiles/CMakeTmp'
Building C object CMakeFiles/cmTC_a711f.dir/CheckFunctionExists.c.o
/opt/android-toolchain/arm-linux-androideabi/bin/gcc  -DKEYWORD=__inline --sysroot=/opt/android-toolchain/sysroot -DCHECK_FUNCTION_EXISTS=malloc   -o CMakeFiles/cmTC_a711f.dir/CheckFunctionExists.c.o   -c /usr/share/cmake-3.3/Modules/CheckFunctionExists.c
<command-line>:0:23: warning: conflicting types for built-in function 'malloc' [enabled by default]
/usr/share/cmake-3.3/Modules/CheckFunctionExists.c:3:6: note: in expansion of macro 'CHECK_FUNCTION_EXISTS'
 char CHECK_FUNCTION_EXISTS();
      ^
Linking C executable cmTC_a711f
/usr/bin/cmake -E cmake_link_script CMakeFiles/cmTC_a711f.dir/link.txt --verbose=1
/opt/android-toolchain/arm-linux-androideabi/bin/gcc  --sysroot=/opt/android-toolchain/sysroot -DCHECK_FUNCTION_EXISTS=malloc    CMakeFiles/cmTC_a711f.dir/CheckFunctionExists.c.o  -o cmTC_a711f -rdynamic 
make[1]: Leaving directory `/var/www/html/android/ATSC_ROUTE/Work/Route_Receiver/libwebsockets-master/build/CMakeFiles/CMakeTmp'


Determining if the function memset exists passed with the following output:
Change Dir: /var/www/html/android/ATSC_ROUTE/Work/Route_Receiver/libwebsockets-master/build/CMakeFiles/CMakeTmp

Run Build Command:"/usr/bin/make" "cmTC_9a55d/fast"
/usr/bin/make -f CMakeFiles/cmTC_9a55d.dir/build.make CMakeFiles/cmTC_9a55d.dir/build
make[1]: Entering directory `/var/www/html/android/ATSC_ROUTE/Work/Route_Receiver/libwebsockets-master/build/CMakeFiles/CMakeTmp'
Building C object CMakeFiles/cmTC_9a55d.dir/CheckFunctionExists.c.o
/opt/android-toolchain/arm-linux-androideabi/bin/gcc  -DKEYWORD=__inline --sysroot=/opt/android-toolchain/sysroot -DCHECK_FUNCTION_EXISTS=memset   -o CMakeFiles/cmTC_9a55d.dir/CheckFunctionExists.c.o   -c /usr/share/cmake-3.3/Modules/CheckFunctionExists.c
<command-line>:0:23: warning: conflicting types for built-in function 'memset' [enabled by default]
/usr/share/cmake-3.3/Modules/CheckFunctionExists.c:3:6: note: in expansion of macro 'CHECK_FUNCTION_EXISTS'
 char CHECK_FUNCTION_EXISTS();
      ^
Linking C executable cmTC_9a55d
/usr/bin/cmake -E cmake_link_script CMakeFiles/cmTC_9a55d.dir/link.txt --verbose=1
/opt/android-toolchain/arm-linux-androideabi/bin/gcc  --sysroot=/opt/android-toolchain/sysroot -DCHECK_FUNCTION_EXISTS=memset    CMakeFiles/cmTC_9a55d.dir/CheckFunctionExists.c.o  -o cmTC_9a55d -rdynamic 
make[1]: Leaving directory `/var/www/html/android/ATSC_ROUTE/Work/Route_Receiver/libwebsockets-master/build/CMakeFiles/CMakeTmp'


Determining if the function realloc exists passed with the following output:
Change Dir: /var/www/html/android/ATSC_ROUTE/Work/Route_Receiver/libwebsockets-master/build/CMakeFiles/CMakeTmp

Run Build Command:"/usr/bin/make" "cmTC_fc5d2/fast"
/usr/bin/make -f CMakeFiles/cmTC_fc5d2.dir/build.make CMakeFiles/cmTC_fc5d2.dir/build
make[1]: Entering directory `/var/www/html/android/ATSC_ROUTE/Work/Route_Receiver/libwebsockets-master/build/CMakeFiles/CMakeTmp'
Building C object CMakeFiles/cmTC_fc5d2.dir/CheckFunctionExists.c.o
/opt/android-toolchain/arm-linux-androideabi/bin/gcc  -DKEYWORD=__inline --sysroot=/opt/android-toolchain/sysroot -DCHECK_FUNCTION_EXISTS=realloc   -o CMakeFiles/cmTC_fc5d2.dir/CheckFunctionExists.c.o   -c /usr/share/cmake-3.3/Modules/CheckFunctionExists.c
<command-line>:0:23: warning: conflicting types for built-in function 'realloc' [enabled by default]
/usr/share/cmake-3.3/Modules/CheckFunctionExists.c:3:6: note: in expansion of macro 'CHECK_FUNCTION_EXISTS'
 char CHECK_FUNCTION_EXISTS();
      ^
Linking C executable cmTC_fc5d2
/usr/bin/cmake -E cmake_link_script CMakeFiles/cmTC_fc5d2.dir/link.txt --verbose=1
/opt/android-toolchain/arm-linux-androideabi/bin/gcc  --sysroot=/opt/android-toolchain/sysroot -DCHECK_FUNCTION_EXISTS=realloc    CMakeFiles/cmTC_fc5d2.dir/CheckFunctionExists.c.o  -o cmTC_fc5d2 -rdynamic 
make[1]: Leaving directory `/var/www/html/android/ATSC_ROUTE/Work/Route_Receiver/libwebsockets-master/build/CMakeFiles/CMakeTmp'


Determining if the function socket exists passed with the following output:
Change Dir: /var/www/html/android/ATSC_ROUTE/Work/Route_Receiver/libwebsockets-master/build/CMakeFiles/CMakeTmp

Run Build Command:"/usr/bin/make" "cmTC_9e597/fast"
/usr/bin/make -f CMakeFiles/cmTC_9e597.dir/build.make CMakeFiles/cmTC_9e597.dir/build
make[1]: Entering directory `/var/www/html/android/ATSC_ROUTE/Work/Route_Receiver/libwebsockets-master/build/CMakeFiles/CMakeTmp'
Building C object CMakeFiles/cmTC_9e597.dir/CheckFunctionExists.c.o
/opt/android-toolchain/arm-linux-androideabi/bin/gcc  -DKEYWORD=__inline --sysroot=/opt/android-toolchain/sysroot -DCHECK_FUNCTION_EXISTS=socket   -o CMakeFiles/cmTC_9e597.dir/CheckFunctionExists.c.o   -c /usr/share/cmake-3.3/Modules/CheckFunctionExists.c
Linking C executable cmTC_9e597
/usr/bin/cmake -E cmake_link_script CMakeFiles/cmTC_9e597.dir/link.txt --verbose=1
/opt/android-toolchain/arm-linux-androideabi/bin/gcc  --sysroot=/opt/android-toolchain/sysroot -DCHECK_FUNCTION_EXISTS=socket    CMakeFiles/cmTC_9e597.dir/CheckFunctionExists.c.o  -o cmTC_9e597 -rdynamic 
make[1]: Leaving directory `/var/www/html/android/ATSC_ROUTE/Work/Route_Receiver/libwebsockets-master/build/CMakeFiles/CMakeTmp'


Determining if the function strerror exists passed with the following output:
Change Dir: /var/www/html/android/ATSC_ROUTE/Work/Route_Receiver/libwebsockets-master/build/CMakeFiles/CMakeTmp

Run Build Command:"/usr/bin/make" "cmTC_f6851/fast"
/usr/bin/make -f CMakeFiles/cmTC_f6851.dir/build.make CMakeFiles/cmTC_f6851.dir/build
make[1]: Entering directory `/var/www/html/android/ATSC_ROUTE/Work/Route_Receiver/libwebsockets-master/build/CMakeFiles/CMakeTmp'
Building C object CMakeFiles/cmTC_f6851.dir/CheckFunctionExists.c.o
/opt/android-toolchain/arm-linux-androideabi/bin/gcc  -DKEYWORD=__inline --sysroot=/opt/android-toolchain/sysroot -DCHECK_FUNCTION_EXISTS=strerror   -o CMakeFiles/cmTC_f6851.dir/CheckFunctionExists.c.o   -c /usr/share/cmake-3.3/Modules/CheckFunctionExists.c
Linking C executable cmTC_f6851
/usr/bin/cmake -E cmake_link_script CMakeFiles/cmTC_f6851.dir/link.txt --verbose=1
/opt/android-toolchain/arm-linux-androideabi/bin/gcc  --sysroot=/opt/android-toolchain/sysroot -DCHECK_FUNCTION_EXISTS=strerror    CMakeFiles/cmTC_f6851.dir/CheckFunctionExists.c.o  -o cmTC_f6851 -rdynamic 
make[1]: Leaving directory `/var/www/html/android/ATSC_ROUTE/Work/Route_Receiver/libwebsockets-master/build/CMakeFiles/CMakeTmp'


Determining if the function vfork exists passed with the following output:
Change Dir: /var/www/html/android/ATSC_ROUTE/Work/Route_Receiver/libwebsockets-master/build/CMakeFiles/CMakeTmp

Run Build Command:"/usr/bin/make" "cmTC_dee29/fast"
/usr/bin/make -f CMakeFiles/cmTC_dee29.dir/build.make CMakeFiles/cmTC_dee29.dir/build
make[1]: Entering directory `/var/www/html/android/ATSC_ROUTE/Work/Route_Receiver/libwebsockets-master/build/CMakeFiles/CMakeTmp'
Building C object CMakeFiles/cmTC_dee29.dir/CheckFunctionExists.c.o
/opt/android-toolchain/arm-linux-androideabi/bin/gcc  -DKEYWORD=__inline --sysroot=/opt/android-toolchain/sysroot -DCHECK_FUNCTION_EXISTS=vfork   -o CMakeFiles/cmTC_dee29.dir/CheckFunctionExists.c.o   -c /usr/share/cmake-3.3/Modules/CheckFunctionExists.c
Linking C executable cmTC_dee29
/usr/bin/cmake -E cmake_link_script CMakeFiles/cmTC_dee29.dir/link.txt --verbose=1
/opt/android-toolchain/arm-linux-androideabi/bin/gcc  --sysroot=/opt/android-toolchain/sysroot -DCHECK_FUNCTION_EXISTS=vfork    CMakeFiles/cmTC_dee29.dir/CheckFunctionExists.c.o  -o cmTC_dee29 -rdynamic 
make[1]: Leaving directory `/var/www/html/android/ATSC_ROUTE/Work/Route_Receiver/libwebsockets-master/build/CMakeFiles/CMakeTmp'


Determining if the include file dlfcn.h exists passed with the following output:
Change Dir: /var/www/html/android/ATSC_ROUTE/Work/Route_Receiver/libwebsockets-master/build/CMakeFiles/CMakeTmp

Run Build Command:"/usr/bin/make" "cmTC_eea05/fast"
/usr/bin/make -f CMakeFiles/cmTC_eea05.dir/build.make CMakeFiles/cmTC_eea05.dir/build
make[1]: Entering directory `/var/www/html/android/ATSC_ROUTE/Work/Route_Receiver/libwebsockets-master/build/CMakeFiles/CMakeTmp'
Building C object CMakeFiles/cmTC_eea05.dir/CheckIncludeFile.c.o
/opt/android-toolchain/arm-linux-androideabi/bin/gcc  -DKEYWORD=__inline --sysroot=/opt/android-toolchain/sysroot    -o CMakeFiles/cmTC_eea05.dir/CheckIncludeFile.c.o   -c /var/www/html/android/ATSC_ROUTE/Work/Route_Receiver/libwebsockets-master/build/CMakeFiles/CMakeTmp/CheckIncludeFile.c
Linking C executable cmTC_eea05
/usr/bin/cmake -E cmake_link_script CMakeFiles/cmTC_eea05.dir/link.txt --verbose=1
/opt/android-toolchain/arm-linux-androideabi/bin/gcc  --sysroot=/opt/android-toolchain/sysroot     CMakeFiles/cmTC_eea05.dir/CheckIncludeFile.c.o  -o cmTC_eea05 -rdynamic 
make[1]: Leaving directory `/var/www/html/android/ATSC_ROUTE/Work/Route_Receiver/libwebsockets-master/build/CMakeFiles/CMakeTmp'


Determining if the include file fcntl.h exists passed with the following output:
Change Dir: /var/www/html/android/ATSC_ROUTE/Work/Route_Receiver/libwebsockets-master/build/CMakeFiles/CMakeTmp

Run Build Command:"/usr/bin/make" "cmTC_58a82/fast"
/usr/bin/make -f CMakeFiles/cmTC_58a82.dir/build.make CMakeFiles/cmTC_58a82.dir/build
make[1]: Entering directory `/var/www/html/android/ATSC_ROUTE/Work/Route_Receiver/libwebsockets-master/build/CMakeFiles/CMakeTmp'
Building C object CMakeFiles/cmTC_58a82.dir/CheckIncludeFile.c.o
/opt/android-toolchain/arm-linux-androideabi/bin/gcc  -DKEYWORD=__inline --sysroot=/opt/android-toolchain/sysroot    -o CMakeFiles/cmTC_58a82.dir/CheckIncludeFile.c.o   -c /var/www/html/android/ATSC_ROUTE/Work/Route_Receiver/libwebsockets-master/build/CMakeFiles/CMakeTmp/CheckIncludeFile.c
Linking C executable cmTC_58a82
/usr/bin/cmake -E cmake_link_script CMakeFiles/cmTC_58a82.dir/link.txt --verbose=1
/opt/android-toolchain/arm-linux-androideabi/bin/gcc  --sysroot=/opt/android-toolchain/sysroot     CMakeFiles/cmTC_58a82.dir/CheckIncludeFile.c.o  -o cmTC_58a82 -rdynamic 
make[1]: Leaving directory `/var/www/html/android/ATSC_ROUTE/Work/Route_Receiver/libwebsockets-master/build/CMakeFiles/CMakeTmp'


Determining if the include file inttypes.h exists passed with the following output:
Change Dir: /var/www/html/android/ATSC_ROUTE/Work/Route_Receiver/libwebsockets-master/build/CMakeFiles/CMakeTmp

Run Build Command:"/usr/bin/make" "cmTC_77464/fast"
/usr/bin/make -f CMakeFiles/cmTC_77464.dir/build.make CMakeFiles/cmTC_77464.dir/build
make[1]: Entering directory `/var/www/html/android/ATSC_ROUTE/Work/Route_Receiver/libwebsockets-master/build/CMakeFiles/CMakeTmp'
Building C object CMakeFiles/cmTC_77464.dir/CheckIncludeFile.c.o
/opt/android-toolchain/arm-linux-androideabi/bin/gcc  -DKEYWORD=__inline --sysroot=/opt/android-toolchain/sysroot    -o CMakeFiles/cmTC_77464.dir/CheckIncludeFile.c.o   -c /var/www/html/android/ATSC_ROUTE/Work/Route_Receiver/libwebsockets-master/build/CMakeFiles/CMakeTmp/CheckIncludeFile.c
Linking C executable cmTC_77464
/usr/bin/cmake -E cmake_link_script CMakeFiles/cmTC_77464.dir/link.txt --verbose=1
/opt/android-toolchain/arm-linux-androideabi/bin/gcc  --sysroot=/opt/android-toolchain/sysroot     CMakeFiles/cmTC_77464.dir/CheckIncludeFile.c.o  -o cmTC_77464 -rdynamic 
make[1]: Leaving directory `/var/www/html/android/ATSC_ROUTE/Work/Route_Receiver/libwebsockets-master/build/CMakeFiles/CMakeTmp'


Determining if the include file memory.h exists passed with the following output:
Change Dir: /var/www/html/android/ATSC_ROUTE/Work/Route_Receiver/libwebsockets-master/build/CMakeFiles/CMakeTmp

Run Build Command:"/usr/bin/make" "cmTC_c0ca0/fast"
/usr/bin/make -f CMakeFiles/cmTC_c0ca0.dir/build.make CMakeFiles/cmTC_c0ca0.dir/build
make[1]: Entering directory `/var/www/html/android/ATSC_ROUTE/Work/Route_Receiver/libwebsockets-master/build/CMakeFiles/CMakeTmp'
Building C object CMakeFiles/cmTC_c0ca0.dir/CheckIncludeFile.c.o
/opt/android-toolchain/arm-linux-androideabi/bin/gcc  -DKEYWORD=__inline --sysroot=/opt/android-toolchain/sysroot    -o CMakeFiles/cmTC_c0ca0.dir/CheckIncludeFile.c.o   -c /var/www/html/android/ATSC_ROUTE/Work/Route_Receiver/libwebsockets-master/build/CMakeFiles/CMakeTmp/CheckIncludeFile.c
Linking C executable cmTC_c0ca0
/usr/bin/cmake -E cmake_link_script CMakeFiles/cmTC_c0ca0.dir/link.txt --verbose=1
/opt/android-toolchain/arm-linux-androideabi/bin/gcc  --sysroot=/opt/android-toolchain/sysroot     CMakeFiles/cmTC_c0ca0.dir/CheckIncludeFile.c.o  -o cmTC_c0ca0 -rdynamic 
make[1]: Leaving directory `/var/www/html/android/ATSC_ROUTE/Work/Route_Receiver/libwebsockets-master/build/CMakeFiles/CMakeTmp'


Determining if the include file netinet/in.h exists passed with the following output:
Change Dir: /var/www/html/android/ATSC_ROUTE/Work/Route_Receiver/libwebsockets-master/build/CMakeFiles/CMakeTmp

Run Build Command:"/usr/bin/make" "cmTC_c27e5/fast"
/usr/bin/make -f CMakeFiles/cmTC_c27e5.dir/build.make CMakeFiles/cmTC_c27e5.dir/build
make[1]: Entering directory `/var/www/html/android/ATSC_ROUTE/Work/Route_Receiver/libwebsockets-master/build/CMakeFiles/CMakeTmp'
Building C object CMakeFiles/cmTC_c27e5.dir/CheckIncludeFile.c.o
/opt/android-toolchain/arm-linux-androideabi/bin/gcc  -DKEYWORD=__inline --sysroot=/opt/android-toolchain/sysroot    -o CMakeFiles/cmTC_c27e5.dir/CheckIncludeFile.c.o   -c /var/www/html/android/ATSC_ROUTE/Work/Route_Receiver/libwebsockets-master/build/CMakeFiles/CMakeTmp/CheckIncludeFile.c
Linking C executable cmTC_c27e5
/usr/bin/cmake -E cmake_link_script CMakeFiles/cmTC_c27e5.dir/link.txt --verbose=1
/opt/android-toolchain/arm-linux-androideabi/bin/gcc  --sysroot=/opt/android-toolchain/sysroot     CMakeFiles/cmTC_c27e5.dir/CheckIncludeFile.c.o  -o cmTC_c27e5 -rdynamic 
make[1]: Leaving directory `/var/www/html/android/ATSC_ROUTE/Work/Route_Receiver/libwebsockets-master/build/CMakeFiles/CMakeTmp'


Determining if the include file stdint.h exists passed with the following output:
Change Dir: /var/www/html/android/ATSC_ROUTE/Work/Route_Receiver/libwebsockets-master/build/CMakeFiles/CMakeTmp

Run Build Command:"/usr/bin/make" "cmTC_d2768/fast"
/usr/bin/make -f CMakeFiles/cmTC_d2768.dir/build.make CMakeFiles/cmTC_d2768.dir/build
make[1]: Entering directory `/var/www/html/android/ATSC_ROUTE/Work/Route_Receiver/libwebsockets-master/build/CMakeFiles/CMakeTmp'
Building C object CMakeFiles/cmTC_d2768.dir/CheckIncludeFile.c.o
/opt/android-toolchain/arm-linux-androideabi/bin/gcc  -DKEYWORD=__inline --sysroot=/opt/android-toolchain/sysroot    -o CMakeFiles/cmTC_d2768.dir/CheckIncludeFile.c.o   -c /var/www/html/android/ATSC_ROUTE/Work/Route_Receiver/libwebsockets-master/build/CMakeFiles/CMakeTmp/CheckIncludeFile.c
Linking C executable cmTC_d2768
/usr/bin/cmake -E cmake_link_script CMakeFiles/cmTC_d2768.dir/link.txt --verbose=1
/opt/android-toolchain/arm-linux-androideabi/bin/gcc  --sysroot=/opt/android-toolchain/sysroot     CMakeFiles/cmTC_d2768.dir/CheckIncludeFile.c.o  -o cmTC_d2768 -rdynamic 
make[1]: Leaving directory `/var/www/html/android/ATSC_ROUTE/Work/Route_Receiver/libwebsockets-master/build/CMakeFiles/CMakeTmp'


Determining if the include file stdlib.h exists passed with the following output:
Change Dir: /var/www/html/android/ATSC_ROUTE/Work/Route_Receiver/libwebsockets-master/build/CMakeFiles/CMakeTmp

Run Build Command:"/usr/bin/make" "cmTC_23a6f/fast"
/usr/bin/make -f CMakeFiles/cmTC_23a6f.dir/build.make CMakeFiles/cmTC_23a6f.dir/build
make[1]: Entering directory `/var/www/html/android/ATSC_ROUTE/Work/Route_Receiver/libwebsockets-master/build/CMakeFiles/CMakeTmp'
Building C object CMakeFiles/cmTC_23a6f.dir/CheckIncludeFile.c.o
/opt/android-toolchain/arm-linux-androideabi/bin/gcc  -DKEYWORD=__inline --sysroot=/opt/android-toolchain/sysroot    -o CMakeFiles/cmTC_23a6f.dir/CheckIncludeFile.c.o   -c /var/www/html/android/ATSC_ROUTE/Work/Route_Receiver/libwebsockets-master/build/CMakeFiles/CMakeTmp/CheckIncludeFile.c
Linking C executable cmTC_23a6f
/usr/bin/cmake -E cmake_link_script CMakeFiles/cmTC_23a6f.dir/link.txt --verbose=1
/opt/android-toolchain/arm-linux-androideabi/bin/gcc  --sysroot=/opt/android-toolchain/sysroot     CMakeFiles/cmTC_23a6f.dir/CheckIncludeFile.c.o  -o cmTC_23a6f -rdynamic 
make[1]: Leaving directory `/var/www/html/android/ATSC_ROUTE/Work/Route_Receiver/libwebsockets-master/build/CMakeFiles/CMakeTmp'


Determining if the include file strings.h exists passed with the following output:
Change Dir: /var/www/html/android/ATSC_ROUTE/Work/Route_Receiver/libwebsockets-master/build/CMakeFiles/CMakeTmp

Run Build Command:"/usr/bin/make" "cmTC_31a29/fast"
/usr/bin/make -f CMakeFiles/cmTC_31a29.dir/build.make CMakeFiles/cmTC_31a29.dir/build
make[1]: Entering directory `/var/www/html/android/ATSC_ROUTE/Work/Route_Receiver/libwebsockets-master/build/CMakeFiles/CMakeTmp'
Building C object CMakeFiles/cmTC_31a29.dir/CheckIncludeFile.c.o
/opt/android-toolchain/arm-linux-androideabi/bin/gcc  -DKEYWORD=__inline --sysroot=/opt/android-toolchain/sysroot    -o CMakeFiles/cmTC_31a29.dir/CheckIncludeFile.c.o   -c /var/www/html/android/ATSC_ROUTE/Work/Route_Receiver/libwebsockets-master/build/CMakeFiles/CMakeTmp/CheckIncludeFile.c
Linking C executable cmTC_31a29
/usr/bin/cmake -E cmake_link_script CMakeFiles/cmTC_31a29.dir/link.txt --verbose=1
/opt/android-toolchain/arm-linux-androideabi/bin/gcc  --sysroot=/opt/android-toolchain/sysroot     CMakeFiles/cmTC_31a29.dir/CheckIncludeFile.c.o  -o cmTC_31a29 -rdynamic 
make[1]: Leaving directory `/var/www/html/android/ATSC_ROUTE/Work/Route_Receiver/libwebsockets-master/build/CMakeFiles/CMakeTmp'


Determining if the include file string.h exists passed with the following output:
Change Dir: /var/www/html/android/ATSC_ROUTE/Work/Route_Receiver/libwebsockets-master/build/CMakeFiles/CMakeTmp

Run Build Command:"/usr/bin/make" "cmTC_01977/fast"
/usr/bin/make -f CMakeFiles/cmTC_01977.dir/build.make CMakeFiles/cmTC_01977.dir/build
make[1]: Entering directory `/var/www/html/android/ATSC_ROUTE/Work/Route_Receiver/libwebsockets-master/build/CMakeFiles/CMakeTmp'
Building C object CMakeFiles/cmTC_01977.dir/CheckIncludeFile.c.o
/opt/android-toolchain/arm-linux-androideabi/bin/gcc  -DKEYWORD=__inline --sysroot=/opt/android-toolchain/sysroot    -o CMakeFiles/cmTC_01977.dir/CheckIncludeFile.c.o   -c /var/www/html/android/ATSC_ROUTE/Work/Route_Receiver/libwebsockets-master/build/CMakeFiles/CMakeTmp/CheckIncludeFile.c
Linking C executable cmTC_01977
/usr/bin/cmake -E cmake_link_script CMakeFiles/cmTC_01977.dir/link.txt --verbose=1
/opt/android-toolchain/arm-linux-androideabi/bin/gcc  --sysroot=/opt/android-toolchain/sysroot     CMakeFiles/cmTC_01977.dir/CheckIncludeFile.c.o  -o cmTC_01977 -rdynamic 
make[1]: Leaving directory `/var/www/html/android/ATSC_ROUTE/Work/Route_Receiver/libwebsockets-master/build/CMakeFiles/CMakeTmp'


Determining if the include file sys/prctl.h exists passed with the following output:
Change Dir: /var/www/html/android/ATSC_ROUTE/Work/Route_Receiver/libwebsockets-master/build/CMakeFiles/CMakeTmp

Run Build Command:"/usr/bin/make" "cmTC_7f7ab/fast"
/usr/bin/make -f CMakeFiles/cmTC_7f7ab.dir/build.make CMakeFiles/cmTC_7f7ab.dir/build
make[1]: Entering directory `/var/www/html/android/ATSC_ROUTE/Work/Route_Receiver/libwebsockets-master/build/CMakeFiles/CMakeTmp'
Building C object CMakeFiles/cmTC_7f7ab.dir/CheckIncludeFile.c.o
/opt/android-toolchain/arm-linux-androideabi/bin/gcc  -DKEYWORD=__inline --sysroot=/opt/android-toolchain/sysroot    -o CMakeFiles/cmTC_7f7ab.dir/CheckIncludeFile.c.o   -c /var/www/html/android/ATSC_ROUTE/Work/Route_Receiver/libwebsockets-master/build/CMakeFiles/CMakeTmp/CheckIncludeFile.c
Linking C executable cmTC_7f7ab
/usr/bin/cmake -E cmake_link_script CMakeFiles/cmTC_7f7ab.dir/link.txt --verbose=1
/opt/android-toolchain/arm-linux-androideabi/bin/gcc  --sysroot=/opt/android-toolchain/sysroot     CMakeFiles/cmTC_7f7ab.dir/CheckIncludeFile.c.o  -o cmTC_7f7ab -rdynamic 
make[1]: Leaving directory `/var/www/html/android/ATSC_ROUTE/Work/Route_Receiver/libwebsockets-master/build/CMakeFiles/CMakeTmp'


Determining if the include file sys/socket.h exists passed with the following output:
Change Dir: /var/www/html/android/ATSC_ROUTE/Work/Route_Receiver/libwebsockets-master/build/CMakeFiles/CMakeTmp

Run Build Command:"/usr/bin/make" "cmTC_03ae9/fast"
/usr/bin/make -f CMakeFiles/cmTC_03ae9.dir/build.make CMakeFiles/cmTC_03ae9.dir/build
make[1]: Entering directory `/var/www/html/android/ATSC_ROUTE/Work/Route_Receiver/libwebsockets-master/build/CMakeFiles/CMakeTmp'
Building C object CMakeFiles/cmTC_03ae9.dir/CheckIncludeFile.c.o
/opt/android-toolchain/arm-linux-androideabi/bin/gcc  -DKEYWORD=__inline --sysroot=/opt/android-toolchain/sysroot    -o CMakeFiles/cmTC_03ae9.dir/CheckIncludeFile.c.o   -c /var/www/html/android/ATSC_ROUTE/Work/Route_Receiver/libwebsockets-master/build/CMakeFiles/CMakeTmp/CheckIncludeFile.c
Linking C executable cmTC_03ae9
/usr/bin/cmake -E cmake_link_script CMakeFiles/cmTC_03ae9.dir/link.txt --verbose=1
/opt/android-toolchain/arm-linux-androideabi/bin/gcc  --sysroot=/opt/android-toolchain/sysroot     CMakeFiles/cmTC_03ae9.dir/CheckIncludeFile.c.o  -o cmTC_03ae9 -rdynamic 
make[1]: Leaving directory `/var/www/html/android/ATSC_ROUTE/Work/Route_Receiver/libwebsockets-master/build/CMakeFiles/CMakeTmp'


Determining if the include file sys/stat.h exists passed with the following output:
Change Dir: /var/www/html/android/ATSC_ROUTE/Work/Route_Receiver/libwebsockets-master/build/CMakeFiles/CMakeTmp

Run Build Command:"/usr/bin/make" "cmTC_6d6ae/fast"
/usr/bin/make -f CMakeFiles/cmTC_6d6ae.dir/build.make CMakeFiles/cmTC_6d6ae.dir/build
make[1]: Entering directory `/var/www/html/android/ATSC_ROUTE/Work/Route_Receiver/libwebsockets-master/build/CMakeFiles/CMakeTmp'
Building C object CMakeFiles/cmTC_6d6ae.dir/CheckIncludeFile.c.o
/opt/android-toolchain/arm-linux-androideabi/bin/gcc  -DKEYWORD=__inline --sysroot=/opt/android-toolchain/sysroot    -o CMakeFiles/cmTC_6d6ae.dir/CheckIncludeFile.c.o   -c /var/www/html/android/ATSC_ROUTE/Work/Route_Receiver/libwebsockets-master/build/CMakeFiles/CMakeTmp/CheckIncludeFile.c
Linking C executable cmTC_6d6ae
/usr/bin/cmake -E cmake_link_script CMakeFiles/cmTC_6d6ae.dir/link.txt --verbose=1
/opt/android-toolchain/arm-linux-androideabi/bin/gcc  --sysroot=/opt/android-toolchain/sysroot     CMakeFiles/cmTC_6d6ae.dir/CheckIncludeFile.c.o  -o cmTC_6d6ae -rdynamic 
make[1]: Leaving directory `/var/www/html/android/ATSC_ROUTE/Work/Route_Receiver/libwebsockets-master/build/CMakeFiles/CMakeTmp'


Determining if the include file sys/types.h exists passed with the following output:
Change Dir: /var/www/html/android/ATSC_ROUTE/Work/Route_Receiver/libwebsockets-master/build/CMakeFiles/CMakeTmp

Run Build Command:"/usr/bin/make" "cmTC_281e1/fast"
/usr/bin/make -f CMakeFiles/cmTC_281e1.dir/build.make CMakeFiles/cmTC_281e1.dir/build
make[1]: Entering directory `/var/www/html/android/ATSC_ROUTE/Work/Route_Receiver/libwebsockets-master/build/CMakeFiles/CMakeTmp'
Building C object CMakeFiles/cmTC_281e1.dir/CheckIncludeFile.c.o
/opt/android-toolchain/arm-linux-androideabi/bin/gcc  -DKEYWORD=__inline --sysroot=/opt/android-toolchain/sysroot    -o CMakeFiles/cmTC_281e1.dir/CheckIncludeFile.c.o   -c /var/www/html/android/ATSC_ROUTE/Work/Route_Receiver/libwebsockets-master/build/CMakeFiles/CMakeTmp/CheckIncludeFile.c
Linking C executable cmTC_281e1
/usr/bin/cmake -E cmake_link_script CMakeFiles/cmTC_281e1.dir/link.txt --verbose=1
/opt/android-toolchain/arm-linux-androideabi/bin/gcc  --sysroot=/opt/android-toolchain/sysroot     CMakeFiles/cmTC_281e1.dir/CheckIncludeFile.c.o  -o cmTC_281e1 -rdynamic 
make[1]: Leaving directory `/var/www/html/android/ATSC_ROUTE/Work/Route_Receiver/libwebsockets-master/build/CMakeFiles/CMakeTmp'


Determining if the include file unistd.h exists passed with the following output:
Change Dir: /var/www/html/android/ATSC_ROUTE/Work/Route_Receiver/libwebsockets-master/build/CMakeFiles/CMakeTmp

Run Build Command:"/usr/bin/make" "cmTC_243bc/fast"
/usr/bin/make -f CMakeFiles/cmTC_243bc.dir/build.make CMakeFiles/cmTC_243bc.dir/build
make[1]: Entering directory `/var/www/html/android/ATSC_ROUTE/Work/Route_Receiver/libwebsockets-master/build/CMakeFiles/CMakeTmp'
Building C object CMakeFiles/cmTC_243bc.dir/CheckIncludeFile.c.o
/opt/android-toolchain/arm-linux-androideabi/bin/gcc  -DKEYWORD=__inline --sysroot=/opt/android-toolchain/sysroot    -o CMakeFiles/cmTC_243bc.dir/CheckIncludeFile.c.o   -c /var/www/html/android/ATSC_ROUTE/Work/Route_Receiver/libwebsockets-master/build/CMakeFiles/CMakeTmp/CheckIncludeFile.c
Linking C executable cmTC_243bc
/usr/bin/cmake -E cmake_link_script CMakeFiles/cmTC_243bc.dir/link.txt --verbose=1
/opt/android-toolchain/arm-linux-androideabi/bin/gcc  --sysroot=/opt/android-toolchain/sysroot     CMakeFiles/cmTC_243bc.dir/CheckIncludeFile.c.o  -o cmTC_243bc -rdynamic 
make[1]: Leaving directory `/var/www/html/android/ATSC_ROUTE/Work/Route_Receiver/libwebsockets-master/build/CMakeFiles/CMakeTmp'


Determining if the include file zlib.h exists passed with the following output:
Change Dir: /var/www/html/android/ATSC_ROUTE/Work/Route_Receiver/libwebsockets-master/build/CMakeFiles/CMakeTmp

Run Build Command:"/usr/bin/make" "cmTC_2ce3a/fast"
/usr/bin/make -f CMakeFiles/cmTC_2ce3a.dir/build.make CMakeFiles/cmTC_2ce3a.dir/build
make[1]: Entering directory `/var/www/html/android/ATSC_ROUTE/Work/Route_Receiver/libwebsockets-master/build/CMakeFiles/CMakeTmp'
Building C object CMakeFiles/cmTC_2ce3a.dir/CheckIncludeFile.c.o
/opt/android-toolchain/arm-linux-androideabi/bin/gcc  -DKEYWORD=__inline --sysroot=/opt/android-toolchain/sysroot    -o CMakeFiles/cmTC_2ce3a.dir/CheckIncludeFile.c.o   -c /var/www/html/android/ATSC_ROUTE/Work/Route_Receiver/libwebsockets-master/build/CMakeFiles/CMakeTmp/CheckIncludeFile.c
Linking C executable cmTC_2ce3a
/usr/bin/cmake -E cmake_link_script CMakeFiles/cmTC_2ce3a.dir/link.txt --verbose=1
/opt/android-toolchain/arm-linux-androideabi/bin/gcc  --sysroot=/opt/android-toolchain/sysroot     CMakeFiles/cmTC_2ce3a.dir/CheckIncludeFile.c.o  -o cmTC_2ce3a -rdynamic 
make[1]: Leaving directory `/var/www/html/android/ATSC_ROUTE/Work/Route_Receiver/libwebsockets-master/build/CMakeFiles/CMakeTmp'


Determining if files stdlib.h;stdarg.h;string.h;float.h exist passed with the following output:
Change Dir: /var/www/html/android/ATSC_ROUTE/Work/Route_Receiver/libwebsockets-master/build/CMakeFiles/CMakeTmp

Run Build Command:"/usr/bin/make" "cmTC_2502d/fast"
/usr/bin/make -f CMakeFiles/cmTC_2502d.dir/build.make CMakeFiles/cmTC_2502d.dir/build
make[1]: Entering directory `/var/www/html/android/ATSC_ROUTE/Work/Route_Receiver/libwebsockets-master/build/CMakeFiles/CMakeTmp'
Building C object CMakeFiles/cmTC_2502d.dir/CheckIncludeFiles.c.o
/opt/android-toolchain/arm-linux-androideabi/bin/gcc  -DKEYWORD=__inline --sysroot=/opt/android-toolchain/sysroot    -o CMakeFiles/cmTC_2502d.dir/CheckIncludeFiles.c.o   -c /var/www/html/android/ATSC_ROUTE/Work/Route_Receiver/libwebsockets-master/build/CMakeFiles/CMakeTmp/CheckIncludeFiles.c
Linking C executable cmTC_2502d
/usr/bin/cmake -E cmake_link_script CMakeFiles/cmTC_2502d.dir/link.txt --verbose=1
/opt/android-toolchain/arm-linux-androideabi/bin/gcc  --sysroot=/opt/android-toolchain/sysroot     CMakeFiles/cmTC_2502d.dir/CheckIncludeFiles.c.o  -o cmTC_2502d -rdynamic 
make[1]: Leaving directory `/var/www/html/android/ATSC_ROUTE/Work/Route_Receiver/libwebsockets-master/build/CMakeFiles/CMakeTmp'


Determining if the include file stddef.h exists passed with the following output:
Change Dir: /var/www/html/android/ATSC_ROUTE/Work/Route_Receiver/libwebsockets-master/build/CMakeFiles/CMakeTmp

Run Build Command:"/usr/bin/make" "cmTC_83d44/fast"
/usr/bin/make -f CMakeFiles/cmTC_83d44.dir/build.make CMakeFiles/cmTC_83d44.dir/build
make[1]: Entering directory `/var/www/html/android/ATSC_ROUTE/Work/Route_Receiver/libwebsockets-master/build/CMakeFiles/CMakeTmp'
Building C object CMakeFiles/cmTC_83d44.dir/CheckIncludeFile.c.o
/opt/android-toolchain/arm-linux-androideabi/bin/gcc  -DKEYWORD=__inline --sysroot=/opt/android-toolchain/sysroot    -o CMakeFiles/cmTC_83d44.dir/CheckIncludeFile.c.o   -c /var/www/html/android/ATSC_ROUTE/Work/Route_Receiver/libwebsockets-master/build/CMakeFiles/CMakeTmp/CheckIncludeFile.c
Linking C executable cmTC_83d44
/usr/bin/cmake -E cmake_link_script CMakeFiles/cmTC_83d44.dir/link.txt --verbose=1
/opt/android-toolchain/arm-linux-androideabi/bin/gcc  --sysroot=/opt/android-toolchain/sysroot     CMakeFiles/cmTC_83d44.dir/CheckIncludeFile.c.o  -o cmTC_83d44 -rdynamic 
make[1]: Leaving directory `/var/www/html/android/ATSC_ROUTE/Work/Route_Receiver/libwebsockets-master/build/CMakeFiles/CMakeTmp'


Determining size of pid_t passed with the following output:
Change Dir: /var/www/html/android/ATSC_ROUTE/Work/Route_Receiver/libwebsockets-master/build/CMakeFiles/CMakeTmp

Run Build Command:"/usr/bin/make" "cmTC_54339/fast"
/usr/bin/make -f CMakeFiles/cmTC_54339.dir/build.make CMakeFiles/cmTC_54339.dir/build
make[1]: Entering directory `/var/www/html/android/ATSC_ROUTE/Work/Route_Receiver/libwebsockets-master/build/CMakeFiles/CMakeTmp'
Building C object CMakeFiles/cmTC_54339.dir/PID_T_SIZE.c.o
/opt/android-toolchain/arm-linux-androideabi/bin/gcc  -DKEYWORD=__inline --sysroot=/opt/android-toolchain/sysroot    -o CMakeFiles/cmTC_54339.dir/PID_T_SIZE.c.o   -c /var/www/html/android/ATSC_ROUTE/Work/Route_Receiver/libwebsockets-master/build/CMakeFiles/CheckTypeSize/PID_T_SIZE.c
Linking C executable cmTC_54339
/usr/bin/cmake -E cmake_link_script CMakeFiles/cmTC_54339.dir/link.txt --verbose=1
/opt/android-toolchain/arm-linux-androideabi/bin/gcc  --sysroot=/opt/android-toolchain/sysroot     CMakeFiles/cmTC_54339.dir/PID_T_SIZE.c.o  -o cmTC_54339 -rdynamic 
make[1]: Leaving directory `/var/www/html/android/ATSC_ROUTE/Work/Route_Receiver/libwebsockets-master/build/CMakeFiles/CMakeTmp'


Determining size of size_t passed with the following output:
Change Dir: /var/www/html/android/ATSC_ROUTE/Work/Route_Receiver/libwebsockets-master/build/CMakeFiles/CMakeTmp

Run Build Command:"/usr/bin/make" "cmTC_068e6/fast"
/usr/bin/make -f CMakeFiles/cmTC_068e6.dir/build.make CMakeFiles/cmTC_068e6.dir/build
make[1]: Entering directory `/var/www/html/android/ATSC_ROUTE/Work/Route_Receiver/libwebsockets-master/build/CMakeFiles/CMakeTmp'
Building C object CMakeFiles/cmTC_068e6.dir/SIZE_T_SIZE.c.o
/opt/android-toolchain/arm-linux-androideabi/bin/gcc  -DKEYWORD=__inline --sysroot=/opt/android-toolchain/sysroot    -o CMakeFiles/cmTC_068e6.dir/SIZE_T_SIZE.c.o   -c /var/www/html/android/ATSC_ROUTE/Work/Route_Receiver/libwebsockets-master/build/CMakeFiles/CheckTypeSize/SIZE_T_SIZE.c
Linking C executable cmTC_068e6
/usr/bin/cmake -E cmake_link_script CMakeFiles/cmTC_068e6.dir/link.txt --verbose=1
/opt/android-toolchain/arm-linux-androideabi/bin/gcc  --sysroot=/opt/android-toolchain/sysroot     CMakeFiles/cmTC_068e6.dir/SIZE_T_SIZE.c.o  -o cmTC_068e6 -rdynamic 
make[1]: Leaving directory `/var/www/html/android/ATSC_ROUTE/Work/Route_Receiver/libwebsockets-master/build/CMakeFiles/CMakeTmp'


Performing C SOURCE FILE Test HAVE_VISIBILITY succeded with the following output:
Change Dir: /var/www/html/android/ATSC_ROUTE/Work/Route_Receiver/libwebsockets-master/build/CMakeFiles/CMakeTmp

Run Build Command:"/usr/bin/make" "cmTC_12ff4/fast"
/usr/bin/make -f CMakeFiles/cmTC_12ff4.dir/build.make CMakeFiles/cmTC_12ff4.dir/build
make[1]: Entering directory `/var/www/html/android/ATSC_ROUTE/Work/Route_Receiver/libwebsockets-master/build/CMakeFiles/CMakeTmp'
Building C object CMakeFiles/cmTC_12ff4.dir/src.c.o
/opt/android-toolchain/arm-linux-androideabi/bin/gcc   --sysroot=/opt/android-toolchain/sysroot -DHAVE_VISIBILITY   -fvisibility=hidden -o CMakeFiles/cmTC_12ff4.dir/src.c.o   -c /var/www/html/android/ATSC_ROUTE/Work/Route_Receiver/libwebsockets-master/build/CMakeFiles/CMakeTmp/src.c
Linking C executable cmTC_12ff4
/usr/bin/cmake -E cmake_link_script CMakeFiles/cmTC_12ff4.dir/link.txt --verbose=1
/opt/android-toolchain/arm-linux-androideabi/bin/gcc  --sysroot=/opt/android-toolchain/sysroot -DHAVE_VISIBILITY    CMakeFiles/cmTC_12ff4.dir/src.c.o  -o cmTC_12ff4 -rdynamic 
make[1]: Leaving directory `/var/www/html/android/ATSC_ROUTE/Work/Route_Receiver/libwebsockets-master/build/CMakeFiles/CMakeTmp'

Source file was:
int main(void) { return 0; }
