Determining if the function getifaddrs exists failed with the following output:
Change Dir: /var/www/html/android/ATSC_ROUTE/Work/Route_Receiver/libwebsockets-master/build/CMakeFiles/CMakeTmp

Run Build Command:"/usr/bin/make" "cmTC_659b7/fast"
/usr/bin/make -f CMakeFiles/cmTC_659b7.dir/build.make CMakeFiles/cmTC_659b7.dir/build
make[1]: Entering directory `/var/www/html/android/ATSC_ROUTE/Work/Route_Receiver/libwebsockets-master/build/CMakeFiles/CMakeTmp'
Building C object CMakeFiles/cmTC_659b7.dir/CheckFunctionExists.c.o
/opt/android-toolchain/arm-linux-androideabi/bin/gcc  -DKEYWORD=__inline --sysroot=/opt/android-toolchain/sysroot -DCHECK_FUNCTION_EXISTS=getifaddrs   -o CMakeFiles/cmTC_659b7.dir/CheckFunctionExists.c.o   -c /usr/share/cmake-3.3/Modules/CheckFunctionExists.c
Linking C executable cmTC_659b7
/usr/bin/cmake -E cmake_link_script CMakeFiles/cmTC_659b7.dir/link.txt --verbose=1
/opt/android-toolchain/arm-linux-androideabi/bin/gcc  --sysroot=/opt/android-toolchain/sysroot -DCHECK_FUNCTION_EXISTS=getifaddrs    CMakeFiles/cmTC_659b7.dir/CheckFunctionExists.c.o  -o cmTC_659b7 -rdynamic 
CMakeFiles/cmTC_659b7.dir/CheckFunctionExists.c.o:CheckFunctionExists.c:function main: error: undefined reference to 'getifaddrs'
collect2: error: ld returned 1 exit status
make[1]: *** [cmTC_659b7] Error 1
make[1]: Leaving directory `/var/www/html/android/ATSC_ROUTE/Work/Route_Receiver/libwebsockets-master/build/CMakeFiles/CMakeTmp'
make: *** [cmTC_659b7/fast] Error 2


Determining if the include file in6addr.h exists failed with the following output:
Change Dir: /var/www/html/android/ATSC_ROUTE/Work/Route_Receiver/libwebsockets-master/build/CMakeFiles/CMakeTmp

Run Build Command:"/usr/bin/make" "cmTC_c868c/fast"
/usr/bin/make -f CMakeFiles/cmTC_c868c.dir/build.make CMakeFiles/cmTC_c868c.dir/build
make[1]: Entering directory `/var/www/html/android/ATSC_ROUTE/Work/Route_Receiver/libwebsockets-master/build/CMakeFiles/CMakeTmp'
Building C object CMakeFiles/cmTC_c868c.dir/CheckIncludeFile.c.o
/opt/android-toolchain/arm-linux-androideabi/bin/gcc  -DKEYWORD=__inline --sysroot=/opt/android-toolchain/sysroot    -o CMakeFiles/cmTC_c868c.dir/CheckIncludeFile.c.o   -c /var/www/html/android/ATSC_ROUTE/Work/Route_Receiver/libwebsockets-master/build/CMakeFiles/CMakeTmp/CheckIncludeFile.c
/var/www/html/android/ATSC_ROUTE/Work/Route_Receiver/libwebsockets-master/build/CMakeFiles/CMakeTmp/CheckIncludeFile.c:1:21: fatal error: in6addr.h: No such file or directory
 #include <in6addr.h>
                     ^
compilation terminated.
make[1]: Leaving directory `/var/www/html/android/ATSC_ROUTE/Work/Route_Receiver/libwebsockets-master/build/CMakeFiles/CMakeTmp'
make[1]: *** [CMakeFiles/cmTC_c868c.dir/CheckIncludeFile.c.o] Error 1
make: *** [cmTC_c868c/fast] Error 2


Determining if the include file vfork.h exists failed with the following output:
Change Dir: /var/www/html/android/ATSC_ROUTE/Work/Route_Receiver/libwebsockets-master/build/CMakeFiles/CMakeTmp

Run Build Command:"/usr/bin/make" "cmTC_87db8/fast"
/usr/bin/make -f CMakeFiles/cmTC_87db8.dir/build.make CMakeFiles/cmTC_87db8.dir/build
make[1]: Entering directory `/var/www/html/android/ATSC_ROUTE/Work/Route_Receiver/libwebsockets-master/build/CMakeFiles/CMakeTmp'
Building C object CMakeFiles/cmTC_87db8.dir/CheckIncludeFile.c.o
/opt/android-toolchain/arm-linux-androideabi/bin/gcc  -DKEYWORD=__inline --sysroot=/opt/android-toolchain/sysroot    -o CMakeFiles/cmTC_87db8.dir/CheckIncludeFile.c.o   -c /var/www/html/android/ATSC_ROUTE/Work/Route_Receiver/libwebsockets-master/build/CMakeFiles/CMakeTmp/CheckIncludeFile.c
/var/www/html/android/ATSC_ROUTE/Work/Route_Receiver/libwebsockets-master/build/CMakeFiles/CMakeTmp/CheckIncludeFile.c:1:19: fatal error: vfork.h: No such file or directory
 #include <vfork.h>
                   ^
compilation terminated.
make[1]: *** [CMakeFiles/cmTC_87db8.dir/CheckIncludeFile.c.o] Error 1
make[1]: Leaving directory `/var/www/html/android/ATSC_ROUTE/Work/Route_Receiver/libwebsockets-master/build/CMakeFiles/CMakeTmp'
make: *** [cmTC_87db8/fast] Error 2


